<?xml version="1.0" encoding="UTF-8"?>
<!-- Generated by org.testng.reporters.JUnitXMLReporter -->
<testsuite hostname="Dipak-PC" ignored="0" name="Default test" tests="3" failures="0" timestamp="03 Oct 2018 06:07:48 GMT" time="78.585" errors="0">
  <testcase name="LoginPageTitleTest" time="0.038" classname="FreeCRM.CRM.LoginPageTest"/>
  <testcase name="loginTest" time="15.695" classname="FreeCRM.CRM.LoginPageTest"/>
  <testcase name="validateCrmImageTest" time="0.121" classname="FreeCRM.CRM.LoginPageTest"/>
</testsuite> <!-- Default test -->
