<?xml version="1.0" encoding="UTF-8"?>
<testng-results skipped="0" failed="0" ignored="0" total="3" passed="3">
  <reporter-output>
  </reporter-output>
  <suite name="Default suite" duration-ms="78585" started-at="2018-10-03T06:06:29Z" finished-at="2018-10-03T06:07:48Z">
    <groups>
    </groups>
    <test name="Default test" duration-ms="78585" started-at="2018-10-03T06:06:29Z" finished-at="2018-10-03T06:07:48Z">
      <class name="FreeCRM.CRM.LoginPageTest">
        <test-method status="PASS" signature="setup()[pri:0, instance:FreeCRM.CRM.LoginPageTest@1e88b3c]" name="setup" is-config="true" duration-ms="21795" started-at="2018-10-03T06:06:29Z" finished-at="2018-10-03T06:06:51Z">
          <reporter-output>
          </reporter-output>
        </test-method> <!-- setup -->
        <test-method status="PASS" signature="LoginPageTitleTest()[pri:1, instance:FreeCRM.CRM.LoginPageTest@1e88b3c]" name="LoginPageTitleTest" duration-ms="38" started-at="2018-10-03T06:06:51Z" finished-at="2018-10-03T06:06:51Z">
          <reporter-output>
          </reporter-output>
        </test-method> <!-- LoginPageTitleTest -->
        <test-method status="PASS" signature="tearDown()[pri:0, instance:FreeCRM.CRM.LoginPageTest@1e88b3c]" name="tearDown" is-config="true" duration-ms="282" started-at="2018-10-03T06:06:51Z" finished-at="2018-10-03T06:06:52Z">
          <reporter-output>
          </reporter-output>
        </test-method> <!-- tearDown -->
        <test-method status="PASS" signature="setup()[pri:0, instance:FreeCRM.CRM.LoginPageTest@1e88b3c]" name="setup" is-config="true" duration-ms="18689" started-at="2018-10-03T06:06:52Z" finished-at="2018-10-03T06:07:10Z">
          <reporter-output>
          </reporter-output>
        </test-method> <!-- setup -->
        <test-method status="PASS" signature="loginTest()[pri:2, instance:FreeCRM.CRM.LoginPageTest@1e88b3c]" name="loginTest" duration-ms="15695" started-at="2018-10-03T06:07:10Z" finished-at="2018-10-03T06:07:26Z">
          <reporter-output>
          </reporter-output>
        </test-method> <!-- loginTest -->
        <test-method status="PASS" signature="tearDown()[pri:0, instance:FreeCRM.CRM.LoginPageTest@1e88b3c]" name="tearDown" is-config="true" duration-ms="306" started-at="2018-10-03T06:07:26Z" finished-at="2018-10-03T06:07:26Z">
          <reporter-output>
          </reporter-output>
        </test-method> <!-- tearDown -->
        <test-method status="PASS" signature="setup()[pri:0, instance:FreeCRM.CRM.LoginPageTest@1e88b3c]" name="setup" is-config="true" duration-ms="21308" started-at="2018-10-03T06:07:26Z" finished-at="2018-10-03T06:07:48Z">
          <reporter-output>
          </reporter-output>
        </test-method> <!-- setup -->
        <test-method status="PASS" signature="validateCrmImageTest()[pri:3, instance:FreeCRM.CRM.LoginPageTest@1e88b3c]" name="validateCrmImageTest" duration-ms="121" started-at="2018-10-03T06:07:48Z" finished-at="2018-10-03T06:07:48Z">
          <reporter-output>
          </reporter-output>
        </test-method> <!-- validateCrmImageTest -->
        <test-method status="PASS" signature="tearDown()[pri:0, instance:FreeCRM.CRM.LoginPageTest@1e88b3c]" name="tearDown" is-config="true" duration-ms="281" started-at="2018-10-03T06:07:48Z" finished-at="2018-10-03T06:07:48Z">
          <reporter-output>
          </reporter-output>
        </test-method> <!-- tearDown -->
      </class> <!-- FreeCRM.CRM.LoginPageTest -->
    </test> <!-- Default test -->
  </suite> <!-- Default suite -->
</testng-results>
